2025-05-14 13:05:35,797 - INFO - [mhs_auto_relogin.py:987] - 從 C:\Users\asd741\OneDrive\Desktop\墨香斷線重連 _GUI介面\mhs_config.json 載入配置
2025-05-14 13:05:35,816 - INFO - [mhs_auto_relogin.py:987] - 配置載入並合併完成。
2025-05-14 13:05:38,850 - INFO - [mhs_auto_relogin.py:987] - 事件 '點擊斷線彈出框的確定按鈕' 的等待時間更新為: 9 秒
2025-05-14 13:05:38,852 - INFO - [mhs_auto_relogin.py:987] - 配置已成功保存
2025-05-14 13:05:39,826 - INFO - [mhs_auto_relogin.py:987] - 事件 '點擊斷線彈出框的確定按鈕' 的等待時間更新為: 10 秒
2025-05-14 13:05:39,829 - INFO - [mhs_auto_relogin.py:987] - 配置已成功保存
2025-05-14 13:05:40,466 - INFO - [mhs_auto_relogin.py:987] - 事件 '點擊斷線彈出框的確定按鈕' 的等待時間更新為: 11 秒
2025-05-14 13:05:40,471 - INFO - [mhs_auto_relogin.py:987] - 配置已成功保存
2025-05-14 13:05:41,170 - INFO - [mhs_auto_relogin.py:987] - 事件 '點擊斷線彈出框的確定按鈕' 的等待時間更新為: 11 秒
2025-05-14 13:05:41,173 - INFO - [mhs_auto_relogin.py:987] - 配置已成功保存
2025-05-14 13:05:41,738 - INFO - [mhs_auto_relogin.py:987] - 事件 '點擊斷線彈出框的確定按鈕' 的等待時間更新為: 10 秒
2025-05-14 13:05:41,742 - INFO - [mhs_auto_relogin.py:987] - 配置已成功保存
2025-05-14 13:05:58,205 - INFO - [mhs_auto_relogin.py:987] - 配置文件 C:\Users\asd741\AppData\Local\Temp\_MEI115762\mhs_config.json 不存在，將創建新的預設配置。
2025-05-14 13:05:58,225 - INFO - [mhs_auto_relogin.py:987] - 配置文件 C:\Users\asd741\AppData\Local\Temp\_MEI115762\mhs_config.json 不存在，將直接使用當前程序配置創建。
2025-05-14 13:05:58,238 - INFO - [mhs_auto_relogin.py:987] - 配置已成功保存
2025-05-14 13:05:58,240 - INFO - [mhs_auto_relogin.py:987] - 預設配置已成功創建並保存到 C:\Users\asd741\AppData\Local\Temp\_MEI115762\mhs_config.json
2025-05-14 13:06:01,244 - INFO - [mhs_auto_relogin.py:987] - 配置已成功保存
2025-05-14 13:06:02,602 - INFO - [mhs_auto_relogin.py:987] - 事件 '點擊伺服器' 的等待時間更新為: 7 秒
2025-05-14 13:06:02,606 - INFO - [mhs_auto_relogin.py:987] - 配置已成功保存
2025-05-14 13:06:02,994 - INFO - [mhs_auto_relogin.py:987] - 事件 '點擊伺服器' 的等待時間更新為: 6 秒
2025-05-14 13:06:02,998 - INFO - [mhs_auto_relogin.py:987] - 配置已成功保存
2025-05-14 13:06:09,946 - INFO - [mhs_auto_relogin.py:987] - 配置文件 C:\Users\asd741\AppData\Local\Temp\_MEI684722\mhs_config.json 不存在，將創建新的預設配置。
2025-05-14 13:06:09,958 - INFO - [mhs_auto_relogin.py:987] - 配置文件 C:\Users\asd741\AppData\Local\Temp\_MEI684722\mhs_config.json 不存在，將直接使用當前程序配置創建。
2025-05-14 13:06:09,965 - INFO - [mhs_auto_relogin.py:987] - 配置已成功保存
2025-05-14 13:06:09,966 - INFO - [mhs_auto_relogin.py:987] - 預設配置已成功創建並保存到 C:\Users\asd741\AppData\Local\Temp\_MEI684722\mhs_config.json
2025-05-14 13:06:10,739 - INFO - [mhs_auto_relogin.py:987] - 配置已成功保存
2025-05-14 13:06:10,900 - INFO - [mhs_auto_relogin.py:987] - 配置已成功保存
2025-05-14 13:06:12,018 - INFO - [mhs_auto_relogin.py:987] - 事件 '登入時，連接中斷的確認按鈕' 的等待時間更新為: 1 秒
2025-05-14 13:06:12,021 - INFO - [mhs_auto_relogin.py:987] - 配置已成功保存
2025-05-14 13:06:12,674 - INFO - [mhs_auto_relogin.py:987] - 事件 '登入時，連接中斷的確認按鈕' 的等待時間更新為: 2 秒
2025-05-14 13:06:12,677 - INFO - [mhs_auto_relogin.py:987] - 配置已成功保存
